stdio    D         file_stdio.c:110  file_stdio_fopen                 [   0.00000] opening C:\Users\aaa\Documents\GitHub\game\I2P1_Final_project-master\Code\allegro5.cfg r
system   D            wsystem.c:874  _al_win_safe_load_library        [   0.00000] PathFindOnPath found: C:\WINDOWS\system32\shcore.dll
system   D            wsystem.c:780  load_library_at_path             [   0.00000] Calling LoadLibrary C:\WINDOWS\system32\shcore.dll
system   I            wsystem.c:783  load_library_at_path             [   0.00000] Loaded C:\WINDOWS\system32\shcore.dll
system   I             system.c:271  al_install_system                [   0.00000] Allegro version: 5.2.7
audio-dsound I           dsound.cpp:271  _dsound_open                     [   0.00067] Starting DirectSound...
audio-dsound D           dsound.cpp:280  _dsound_open                     [   0.03797] DirectSoundCreate8 succeeded
audio-dsound I           dsound.cpp:73   get_window                       [   0.03805] Using desktop window: 0000000000010010
audio    I              audio.c:347  do_install_audio                 [   0.03827] Using DirectSound driver
system   D            wsystem.c:874  _al_win_safe_load_library        [   0.03868] PathFindOnPath found: C:\WINDOWS\system32\d3d9.dll
system   D            wsystem.c:780  load_library_at_path             [   0.03873] Calling LoadLibrary C:\WINDOWS\system32\d3d9.dll
system   I            wsystem.c:783  load_library_at_path             [   0.04069] Loaded C:\WINDOWS\system32\d3d9.dll
d3d      I         d3d_disp.cpp:684  d3d_init_display                 [   0.10239] Render-to-texture: 1
d3d      I         d3d_disp.cpp:1782 d3d_create_display_locked        [   0.10384] faux_fullscreen=0
d3d      D         d3d_disp.cpp:1783 d3d_create_display_locked        [   0.10390] al_display=00000000001ecc10
d3d      D         d3d_disp.cpp:1784 d3d_create_display_locked        [   0.10393] al_display->vt=00000000001ec260
d3d      I d3d_display_formats.cpp:144  _al_d3d_generate_display_format_list [   0.12900] found 64 format combinations
display  D   display_settings.c:212  debug_display_settings           [   0.12908] color: 32 (rgba 8880), depth: 0, stencil: 0, acc: 0000, samples: 0/0
display  D   display_settings.c:527  _al_score_display_settings       [   0.12912] Score is : 897
display  D   display_settings.c:212  debug_display_settings           [   0.12916] color: 32 (rgba 8880), depth: 0, stencil: 0, acc: 0000, samples: 0/0
display  D   display_settings.c:527  _al_score_display_settings       [   0.12919] Score is : 897
display  D   display_settings.c:212  debug_display_settings           [   0.12922] color: 32 (rgba 8880), depth: 24, stencil: 8, acc: 0000, samples: 0/0
display  D   display_settings.c:527  _al_score_display_settings       [   0.12925] Score is : 897
display  D   display_settings.c:212  debug_display_settings           [   0.12928] color: 32 (rgba 8880), depth: 24, stencil: 8, acc: 0000, samples: 0/0
display  D   display_settings.c:527  _al_score_display_settings       [   0.12931] Score is : 897
display  D   display_settings.c:212  debug_display_settings           [   0.12934] color: 32 (rgba 8880), depth: 24, stencil: 0, acc: 0000, samples: 0/0
display  D   display_settings.c:527  _al_score_display_settings       [   0.12937] Score is : 897
display  D   display_settings.c:212  debug_display_settings           [   0.12939] color: 32 (rgba 8880), depth: 24, stencil: 0, acc: 0000, samples: 0/0
display  D   display_settings.c:527  _al_score_display_settings       [   0.12942] Score is : 897
display  D   display_settings.c:212  debug_display_settings           [   0.12945] color: 32 (rgba 8880), depth: 16, stencil: 0, acc: 0000, samples: 0/0
display  D   display_settings.c:527  _al_score_display_settings       [   0.12948] Score is : 897
display  D   display_settings.c:212  debug_display_settings           [   0.12951] color: 32 (rgba 8880), depth: 16, stencil: 0, acc: 0000, samples: 0/0
display  D   display_settings.c:527  _al_score_display_settings       [   0.12954] Score is : 897
display  D   display_settings.c:212  debug_display_settings           [   0.12964] color: 16 (rgba 5650), depth: 0, stencil: 0, acc: 0000, samples: 0/0
display  D   display_settings.c:527  _al_score_display_settings       [   0.12968] Score is : 897
display  D   display_settings.c:212  debug_display_settings           [   0.12970] color: 16 (rgba 5650), depth: 0, stencil: 0, acc: 0000, samples: 0/0
display  D   display_settings.c:527  _al_score_display_settings       [   0.12973] Score is : 897
display  D   display_settings.c:212  debug_display_settings           [   0.12976] color: 16 (rgba 5650), depth: 24, stencil: 8, acc: 0000, samples: 0/0
display  D   display_settings.c:527  _al_score_display_settings       [   0.12979] Score is : 897
display  D   display_settings.c:212  debug_display_settings           [   0.12982] color: 16 (rgba 5650), depth: 24, stencil: 8, acc: 0000, samples: 0/0
display  D   display_settings.c:527  _al_score_display_settings       [   0.12985] Score is : 897
display  D   display_settings.c:212  debug_display_settings           [   0.12988] color: 16 (rgba 5650), depth: 24, stencil: 0, acc: 0000, samples: 0/0
display  D   display_settings.c:527  _al_score_display_settings       [   0.12991] Score is : 897
display  D   display_settings.c:212  debug_display_settings           [   0.12994] color: 16 (rgba 5650), depth: 24, stencil: 0, acc: 0000, samples: 0/0
display  D   display_settings.c:527  _al_score_display_settings       [   0.12996] Score is : 897
display  D   display_settings.c:212  debug_display_settings           [   0.12999] color: 16 (rgba 5650), depth: 16, stencil: 0, acc: 0000, samples: 0/0
display  D   display_settings.c:527  _al_score_display_settings       [   0.13002] Score is : 897
display  D   display_settings.c:212  debug_display_settings           [   0.13005] color: 16 (rgba 5650), depth: 16, stencil: 0, acc: 0000, samples: 0/0
display  D   display_settings.c:527  _al_score_display_settings       [   0.13008] Score is : 897
display  D   display_settings.c:212  debug_display_settings           [   0.13011] color: 32 (rgba 8880), depth: 0, stencil: 0, acc: 0000, samples: 0/0
display  D   display_settings.c:398  _al_score_display_settings       [   0.13014] Single Buffer requirement not met.
display  D   display_settings.c:212  debug_display_settings           [   0.13017] color: 32 (rgba 8880), depth: 0, stencil: 0, acc: 0000, samples: 0/0
display  D   display_settings.c:398  _al_score_display_settings       [   0.13020] Single Buffer requirement not met.
display  D   display_settings.c:212  debug_display_settings           [   0.13023] color: 32 (rgba 8880), depth: 24, stencil: 8, acc: 0000, samples: 0/0
display  D   display_settings.c:398  _al_score_display_settings       [   0.13026] Single Buffer requirement not met.
display  D   display_settings.c:212  debug_display_settings           [   0.13029] color: 32 (rgba 8880), depth: 24, stencil: 8, acc: 0000, samples: 0/0
display  D   display_settings.c:398  _al_score_display_settings       [   0.13032] Single Buffer requirement not met.
display  D   display_settings.c:212  debug_display_settings           [   0.13034] color: 32 (rgba 8880), depth: 24, stencil: 0, acc: 0000, samples: 0/0
display  D   display_settings.c:398  _al_score_display_settings       [   0.13037] Single Buffer requirement not met.
display  D   display_settings.c:212  debug_display_settings           [   0.13040] color: 32 (rgba 8880), depth: 24, stencil: 0, acc: 0000, samples: 0/0
display  D   display_settings.c:398  _al_score_display_settings       [   0.13043] Single Buffer requirement not met.
display  D   display_settings.c:212  debug_display_settings           [   0.13046] color: 32 (rgba 8880), depth: 16, stencil: 0, acc: 0000, samples: 0/0
display  D   display_settings.c:398  _al_score_display_settings       [   0.13049] Single Buffer requirement not met.
display  D   display_settings.c:212  debug_display_settings           [   0.13052] color: 32 (rgba 8880), depth: 16, stencil: 0, acc: 0000, samples: 0/0
display  D   display_settings.c:398  _al_score_display_settings       [   0.13055] Single Buffer requirement not met.
display  D   display_settings.c:212  debug_display_settings           [   0.13058] color: 16 (rgba 5650), depth: 0, stencil: 0, acc: 0000, samples: 0/0
display  D   display_settings.c:398  _al_score_display_settings       [   0.13061] Single Buffer requirement not met.
display  D   display_settings.c:212  debug_display_settings           [   0.13064] color: 16 (rgba 5650), depth: 0, stencil: 0, acc: 0000, samples: 0/0
display  D   display_settings.c:398  _al_score_display_settings       [   0.13067] Single Buffer requirement not met.
display  D   display_settings.c:212  debug_display_settings           [   0.13070] color: 16 (rgba 5650), depth: 24, stencil: 8, acc: 0000, samples: 0/0
display  D   display_settings.c:398  _al_score_display_settings       [   0.13072] Single Buffer requirement not met.
display  D   display_settings.c:212  debug_display_settings           [   0.13075] color: 16 (rgba 5650), depth: 24, stencil: 8, acc: 0000, samples: 0/0
display  D   display_settings.c:398  _al_score_display_settings       [   0.13078] Single Buffer requirement not met.
display  D   display_settings.c:212  debug_display_settings           [   0.13081] color: 16 (rgba 5650), depth: 24, stencil: 0, acc: 0000, samples: 0/0
display  D   display_settings.c:398  _al_score_display_settings       [   0.13084] Single Buffer requirement not met.
display  D   display_settings.c:212  debug_display_settings           [   0.13087] color: 16 (rgba 5650), depth: 24, stencil: 0, acc: 0000, samples: 0/0
display  D   display_settings.c:398  _al_score_display_settings       [   0.13090] Single Buffer requirement not met.
display  D   display_settings.c:212  debug_display_settings           [   0.13092] color: 16 (rgba 5650), depth: 16, stencil: 0, acc: 0000, samples: 0/0
display  D   display_settings.c:398  _al_score_display_settings       [   0.13095] Single Buffer requirement not met.
display  D   display_settings.c:212  debug_display_settings           [   0.13098] color: 16 (rgba 5650), depth: 16, stencil: 0, acc: 0000, samples: 0/0
display  D   display_settings.c:398  _al_score_display_settings       [   0.13101] Single Buffer requirement not met.
display  D   display_settings.c:212  debug_display_settings           [   0.13104] color: 32 (rgba 8880), depth: 0, stencil: 0, acc: 0000, samples: 0/0
display  D   display_settings.c:527  _al_score_display_settings       [   0.13107] Score is : 769
display  D   display_settings.c:212  debug_display_settings           [   0.13110] color: 32 (rgba 8880), depth: 0, stencil: 0, acc: 0000, samples: 0/0
display  D   display_settings.c:527  _al_score_display_settings       [   0.13113] Score is : 769
display  D   display_settings.c:212  debug_display_settings           [   0.13121] color: 32 (rgba 8880), depth: 24, stencil: 8, acc: 0000, samples: 0/0
display  D   display_settings.c:527  _al_score_display_settings       [   0.13130] Score is : 769
display  D   display_settings.c:212  debug_display_settings           [   0.13135] color: 32 (rgba 8880), depth: 24, stencil: 8, acc: 0000, samples: 0/0
display  D   display_settings.c:527  _al_score_display_settings       [   0.13142] Score is : 769
display  D   display_settings.c:212  debug_display_settings           [   0.13147] color: 32 (rgba 8880), depth: 24, stencil: 0, acc: 0000, samples: 0/0
display  D   display_settings.c:527  _al_score_display_settings       [   0.13151] Score is : 769
display  D   display_settings.c:212  debug_display_settings           [   0.13154] color: 32 (rgba 8880), depth: 24, stencil: 0, acc: 0000, samples: 0/0
display  D   display_settings.c:527  _al_score_display_settings       [   0.13157] Score is : 769
display  D   display_settings.c:212  debug_display_settings           [   0.13160] color: 32 (rgba 8880), depth: 16, stencil: 0, acc: 0000, samples: 0/0
display  D   display_settings.c:527  _al_score_display_settings       [   0.13163] Score is : 769
display  D   display_settings.c:212  debug_display_settings           [   0.13165] color: 32 (rgba 8880), depth: 16, stencil: 0, acc: 0000, samples: 0/0
display  D   display_settings.c:527  _al_score_display_settings       [   0.13169] Score is : 769
display  D   display_settings.c:212  debug_display_settings           [   0.13172] color: 16 (rgba 5650), depth: 0, stencil: 0, acc: 0000, samples: 0/0
display  D   display_settings.c:527  _al_score_display_settings       [   0.13175] Score is : 769
display  D   display_settings.c:212  debug_display_settings           [   0.13178] color: 16 (rgba 5650), depth: 0, stencil: 0, acc: 0000, samples: 0/0
display  D   display_settings.c:527  _al_score_display_settings       [   0.13181] Score is : 769
display  D   display_settings.c:212  debug_display_settings           [   0.13184] color: 16 (rgba 5650), depth: 24, stencil: 8, acc: 0000, samples: 0/0
display  D   display_settings.c:527  _al_score_display_settings       [   0.13187] Score is : 769
display  D   display_settings.c:212  debug_display_settings           [   0.13192] color: 16 (rgba 5650), depth: 24, stencil: 8, acc: 0000, samples: 0/0
display  D   display_settings.c:527  _al_score_display_settings       [   0.13197] Score is : 769
display  D   display_settings.c:212  debug_display_settings           [   0.13211] color: 16 (rgba 5650), depth: 24, stencil: 0, acc: 0000, samples: 0/0
display  D   display_settings.c:527  _al_score_display_settings       [   0.13216] Score is : 769
display  D   display_settings.c:212  debug_display_settings           [   0.13219] color: 16 (rgba 5650), depth: 24, stencil: 0, acc: 0000, samples: 0/0
display  D   display_settings.c:527  _al_score_display_settings       [   0.13222] Score is : 769
display  D   display_settings.c:212  debug_display_settings           [   0.13224] color: 16 (rgba 5650), depth: 16, stencil: 0, acc: 0000, samples: 0/0
display  D   display_settings.c:527  _al_score_display_settings       [   0.13227] Score is : 769
display  D   display_settings.c:212  debug_display_settings           [   0.13230] color: 16 (rgba 5650), depth: 16, stencil: 0, acc: 0000, samples: 0/0
display  D   display_settings.c:527  _al_score_display_settings       [   0.13233] Score is : 769
display  D   display_settings.c:212  debug_display_settings           [   0.13236] color: 32 (rgba 8880), depth: 0, stencil: 0, acc: 0000, samples: 0/0
display  D   display_settings.c:398  _al_score_display_settings       [   0.13239] Single Buffer requirement not met.
display  D   display_settings.c:212  debug_display_settings           [   0.13248] color: 32 (rgba 8880), depth: 0, stencil: 0, acc: 0000, samples: 0/0
display  D   display_settings.c:398  _al_score_display_settings       [   0.13253] Single Buffer requirement not met.
display  D   display_settings.c:212  debug_display_settings           [   0.13256] color: 32 (rgba 8880), depth: 24, stencil: 8, acc: 0000, samples: 0/0
display  D   display_settings.c:398  _al_score_display_settings       [   0.13259] Single Buffer requirement not met.
display  D   display_settings.c:212  debug_display_settings           [   0.13262] color: 32 (rgba 8880), depth: 24, stencil: 8, acc: 0000, samples: 0/0
display  D   display_settings.c:398  _al_score_display_settings       [   0.13265] Single Buffer requirement not met.
display  D   display_settings.c:212  debug_display_settings           [   0.13268] color: 32 (rgba 8880), depth: 24, stencil: 0, acc: 0000, samples: 0/0
display  D   display_settings.c:398  _al_score_display_settings       [   0.13271] Single Buffer requirement not met.
display  D   display_settings.c:212  debug_display_settings           [   0.13273] color: 32 (rgba 8880), depth: 24, stencil: 0, acc: 0000, samples: 0/0
display  D   display_settings.c:398  _al_score_display_settings       [   0.13276] Single Buffer requirement not met.
display  D   display_settings.c:212  debug_display_settings           [   0.13279] color: 32 (rgba 8880), depth: 16, stencil: 0, acc: 0000, samples: 0/0
display  D   display_settings.c:398  _al_score_display_settings       [   0.13282] Single Buffer requirement not met.
display  D   display_settings.c:212  debug_display_settings           [   0.13291] color: 32 (rgba 8880), depth: 16, stencil: 0, acc: 0000, samples: 0/0
display  D   display_settings.c:398  _al_score_display_settings       [   0.13295] Single Buffer requirement not met.
display  D   display_settings.c:212  debug_display_settings           [   0.13298] color: 16 (rgba 5650), depth: 0, stencil: 0, acc: 0000, samples: 0/0
display  D   display_settings.c:398  _al_score_display_settings       [   0.13301] Single Buffer requirement not met.
display  D   display_settings.c:212  debug_display_settings           [   0.13303] color: 16 (rgba 5650), depth: 0, stencil: 0, acc: 0000, samples: 0/0
display  D   display_settings.c:398  _al_score_display_settings       [   0.13306] Single Buffer requirement not met.
display  D   display_settings.c:212  debug_display_settings           [   0.13309] color: 16 (rgba 5650), depth: 24, stencil: 8, acc: 0000, samples: 0/0
display  D   display_settings.c:398  _al_score_display_settings       [   0.13312] Single Buffer requirement not met.
display  D   display_settings.c:212  debug_display_settings           [   0.13316] color: 16 (rgba 5650), depth: 24, stencil: 8, acc: 0000, samples: 0/0
display  D   display_settings.c:398  _al_score_display_settings       [   0.13319] Single Buffer requirement not met.
display  D   display_settings.c:212  debug_display_settings           [   0.13321] color: 16 (rgba 5650), depth: 24, stencil: 0, acc: 0000, samples: 0/0
display  D   display_settings.c:398  _al_score_display_settings       [   0.13324] Single Buffer requirement not met.
display  D   display_settings.c:212  debug_display_settings           [   0.13327] color: 16 (rgba 5650), depth: 24, stencil: 0, acc: 0000, samples: 0/0
display  D   display_settings.c:398  _al_score_display_settings       [   0.13330] Single Buffer requirement not met.
display  D   display_settings.c:212  debug_display_settings           [   0.13333] color: 16 (rgba 5650), depth: 16, stencil: 0, acc: 0000, samples: 0/0
display  D   display_settings.c:398  _al_score_display_settings       [   0.13336] Single Buffer requirement not met.
display  D   display_settings.c:212  debug_display_settings           [   0.13339] color: 16 (rgba 5650), depth: 16, stencil: 0, acc: 0000, samples: 0/0
display  D   display_settings.c:398  _al_score_display_settings       [   0.13342] Single Buffer requirement not met.
d3d      D         d3d_disp.cpp:1682 d3d_create_display_internals     [   0.13346] Trying format 0.
d3d      I         d3d_disp.cpp:1358 d3d_display_thread_proc          [   0.13377] Chose a display format: 23
d3d      I         d3d_disp.cpp:1427 d3d_display_thread_proc          [   0.13382] Normal window.
d3d      I         d3d_disp.cpp:791  d3d_create_device                [   0.23236] Using no depth stencil buffer
d3d      D         d3d_disp.cpp:853  d3d_create_device                [   0.33799] BeginScene succeeded in create_device
d3d      D         d3d_disp.cpp:861  d3d_create_device                [   0.33819] Success
d3d      D         d3d_disp.cpp:1705 d3d_create_display_internals     [   0.33827] Resumed after wait.
d3d      I         d3d_disp.cpp:1738 d3d_create_display_internals     [   0.33834] Format 0 succeeded.
d3d      D         d3d_disp.cpp:1769 d3d_create_display_internals     [   0.33842] Returning d3d_display: 00000000001ecc10
d3d      D         d3d_disp.cpp:1794 d3d_create_display_locked        [   0.33847] al_display=00000000001ecc10
d3d      D         d3d_disp.cpp:1795 d3d_create_display_locked        [   0.33852] al_display->vt=00000000001ec260
system   D            wsystem.c:874  _al_win_safe_load_library        [   0.33909] PathFindOnPath found: C:\WINDOWS\system32\d3dx9_43.dll
system   D            wsystem.c:780  load_library_at_path             [   0.33917] Calling LoadLibrary C:\WINDOWS\system32\d3dx9_43.dll
system   I            wsystem.c:783  load_library_at_path             [   0.34364] Loaded C:\WINDOWS\system32\d3dx9_43.dll
d3dx9    I        d3d_d3dx9.cpp:88   _imp_load_d3dx9_module_version   [   0.34378] Module "d3dx9_43.dll" loaded.
stdio    D         file_stdio.c:110  file_stdio_fopen                 [   0.34398] opening assets/font/pirulen.ttf rb
font     D                ttf.c:943  al_load_ttf_font_stretch_f       [   0.34485] Font assets/font/pirulen.ttf loaded with pixel size 0 x 12.
font     D                ttf.c:945  al_load_ttf_font_stretch_f       [   0.34494]     ascent=12.0, descent=-3.0, height=14.0
dtor     D               dtor.c:196  _al_register_destructor          [   0.34499] added dtor for ttf_font 0000000002660240, func 00007ff8114c4c05
stdio    D         file_stdio.c:110  file_stdio_fopen                 [   0.34506] opening assets/sound/menu.mp3 rb
dtor     D               dtor.c:196  _al_register_destructor          [   1.83781] added dtor for sample 000000000265ff10, func 00007ff8114d1a1d
audio-dsound D           dsound.cpp:311  _dsound_allocate_voice           [   1.83799] Allocating voice
audio-dsound D           dsound.cpp:370  _dsound_allocate_voice           [   1.83806] Allocated voice
dtor     D               dtor.c:196  _al_register_destructor          [   1.83812] added dtor for voice 00000000026831b0, func 00007ff8114d5024
dtor     D               dtor.c:196  _al_register_destructor          [   1.83822] added dtor for mixer 000000000265f910, func 00007ff8114d04dc
audio-dsound D           dsound.cpp:466  _dsound_start_voice              [   1.83831] Starting voice
audio-dsound D           dsound.cpp:494  _dsound_start_voice              [   1.83836] CreateSoundBuffer
audio-dsound D           dsound.cpp:502  _dsound_start_voice              [   1.84321] CreateSoundBuffer succeeded
audio-dsound D           dsound.cpp:508  _dsound_start_voice              [   1.84330] Starting _dsound_update thread
audio-dsound I           dsound.cpp:518  _dsound_start_voice              [   1.84341] Voice started
dtor     D               dtor.c:196  _al_register_destructor          [   1.84347] added dtor for sample_instance 000000000265fa70, func 00007ff8114c929b
audio    D          kcm_mixer.c:121  _al_rechannel_matrix             [   1.84354] sample matrix:
audio    D          kcm_mixer.c:127  _al_rechannel_matrix             [   1.84359] 
audio    D          kcm_mixer.c:127  _al_rechannel_matrix             [   1.84364] 
dtor     D               dtor.c:196  _al_register_destructor          [   1.84371] added dtor for sample_instance 0000000002664040, func 00007ff8114c929b
audio    D          kcm_mixer.c:121  _al_rechannel_matrix             [   1.84395] sample matrix:
audio    D          kcm_mixer.c:127  _al_rechannel_matrix             [   1.84401] 
audio    D          kcm_mixer.c:127  _al_rechannel_matrix             [   1.84405] 
dtor     D               dtor.c:196  _al_register_destructor          [   1.84411] added dtor for sample_instance 0000000002617230, func 00007ff8114c929b
audio    D          kcm_mixer.c:121  _al_rechannel_matrix             [   1.84416] sample matrix:
audio    D          kcm_mixer.c:127  _al_rechannel_matrix             [   1.84420] 
audio    D          kcm_mixer.c:127  _al_rechannel_matrix             [   1.84425] 
dtor     D               dtor.c:196  _al_register_destructor          [   1.84429] added dtor for sample_instance 0000000002617350, func 00007ff8114c929b
audio    D          kcm_mixer.c:121  _al_rechannel_matrix             [   1.84435] sample matrix:
audio    D          kcm_mixer.c:127  _al_rechannel_matrix             [   1.84439] 
audio    D          kcm_mixer.c:127  _al_rechannel_matrix             [   1.84443] 
dtor     D               dtor.c:196  _al_register_destructor          [   1.84448] added dtor for sample_instance 0000000002678df0, func 00007ff8114c929b
audio    D          kcm_mixer.c:121  _al_rechannel_matrix             [   1.84453] sample matrix:
audio    D          kcm_mixer.c:127  _al_rechannel_matrix             [   1.84458] 
audio    D          kcm_mixer.c:127  _al_rechannel_matrix             [   1.84462] 
dtor     D               dtor.c:196  _al_register_destructor          [   1.84468] added dtor for sample_instance 0000000002678f10, func 00007ff8114c929b
audio    D          kcm_mixer.c:121  _al_rechannel_matrix             [   1.84473] sample matrix:
audio    D          kcm_mixer.c:127  _al_rechannel_matrix             [   1.84478] 
audio    D          kcm_mixer.c:127  _al_rechannel_matrix             [   1.84482] 
dtor     D               dtor.c:196  _al_register_destructor          [   1.84487] added dtor for sample_instance 0000000002679030, func 00007ff8114c929b
audio    D          kcm_mixer.c:121  _al_rechannel_matrix             [   1.84492] sample matrix:
audio    D          kcm_mixer.c:127  _al_rechannel_matrix             [   1.84496] 
audio    D          kcm_mixer.c:127  _al_rechannel_matrix             [   1.84500] 
dtor     D               dtor.c:196  _al_register_destructor          [   1.84505] added dtor for sample_instance 0000000002679150, func 00007ff8114c929b
audio    D          kcm_mixer.c:121  _al_rechannel_matrix             [   1.84511] sample matrix:
audio    D          kcm_mixer.c:127  _al_rechannel_matrix             [   1.84518] 
audio    D          kcm_mixer.c:127  _al_rechannel_matrix             [   1.84524] 
dtor     D               dtor.c:196  _al_register_destructor          [   1.84530] added dtor for sample_instance 0000000002679270, func 00007ff8114c929b
audio    D          kcm_mixer.c:121  _al_rechannel_matrix             [   1.84535] sample matrix:
audio    D          kcm_mixer.c:127  _al_rechannel_matrix             [   1.84539] 
audio    D          kcm_mixer.c:127  _al_rechannel_matrix             [   1.84546] 
dtor     D               dtor.c:196  _al_register_destructor          [   1.84554] added dtor for sample_instance 0000000002679390, func 00007ff8114c929b
audio    D          kcm_mixer.c:121  _al_rechannel_matrix             [   1.84559] sample matrix:
audio    D          kcm_mixer.c:127  _al_rechannel_matrix             [   1.84564] 
audio    D          kcm_mixer.c:127  _al_rechannel_matrix             [   1.84568] 
dtor     D               dtor.c:196  _al_register_destructor          [   1.84573] added dtor for sample_instance 0000000002673bf0, func 00007ff8114c929b
audio    D          kcm_mixer.c:121  _al_rechannel_matrix             [   1.84578] sample matrix:
audio    D          kcm_mixer.c:127  _al_rechannel_matrix             [   1.84582] 
audio    D          kcm_mixer.c:127  _al_rechannel_matrix             [   1.84587] 
dtor     D               dtor.c:196  _al_register_destructor          [   1.84591] added dtor for sample_instance 0000000002673d10, func 00007ff8114c929b
audio    D          kcm_mixer.c:121  _al_rechannel_matrix             [   1.84596] sample matrix:
audio    D          kcm_mixer.c:127  _al_rechannel_matrix             [   1.84601] 
audio    D          kcm_mixer.c:127  _al_rechannel_matrix             [   1.84607] 
dtor     D               dtor.c:196  _al_register_destructor          [   1.84613] added dtor for sample_instance 00000000026739b0, func 00007ff8114c929b
audio    D          kcm_mixer.c:121  _al_rechannel_matrix             [   1.84620] sample matrix:
audio    D          kcm_mixer.c:127  _al_rechannel_matrix             [   1.84628] 
audio    D          kcm_mixer.c:127  _al_rechannel_matrix             [   1.84635] 
dtor     D               dtor.c:196  _al_register_destructor          [   1.84643] added dtor for sample_instance 0000000002673530, func 00007ff8114c929b
audio    D          kcm_mixer.c:121  _al_rechannel_matrix             [   1.84652] sample matrix:
audio    D          kcm_mixer.c:127  _al_rechannel_matrix             [   1.84660] 
audio    D          kcm_mixer.c:127  _al_rechannel_matrix             [   1.84667] 
dtor     D               dtor.c:196  _al_register_destructor          [   1.84675] added dtor for sample_instance 0000000002673410, func 00007ff8114c929b
audio    D          kcm_mixer.c:121  _al_rechannel_matrix             [   1.84684] sample matrix:
audio    D          kcm_mixer.c:127  _al_rechannel_matrix             [   1.84692] 
audio    D          kcm_mixer.c:127  _al_rechannel_matrix             [   1.84700] 
dtor     D               dtor.c:196  _al_register_destructor          [   1.84708] added dtor for sample_instance 0000000002673ad0, func 00007ff8114c929b
audio    D          kcm_mixer.c:121  _al_rechannel_matrix             [   1.84717] sample matrix:
audio    D          kcm_mixer.c:127  _al_rechannel_matrix             [   1.84725] 
audio    D          kcm_mixer.c:127  _al_rechannel_matrix             [   1.84732] 
dtor     D               dtor.c:196  _al_register_destructor          [   1.84740] added dtor for sample_instance 0000000002673890, func 00007ff8114c929b
audio    D          kcm_mixer.c:121  _al_rechannel_matrix             [   1.84749] sample matrix:
audio    D          kcm_mixer.c:127  _al_rechannel_matrix             [   1.84757] 
audio    D          kcm_mixer.c:127  _al_rechannel_matrix             [   1.84764] 
dtor     D               dtor.c:196  _al_register_destructor          [   1.84771] added dtor for sample_instance 0000000002673e30, func 00007ff8114c929b
audio    D          kcm_mixer.c:121  _al_rechannel_matrix             [   1.84781] sample matrix:
audio    D          kcm_mixer.c:127  _al_rechannel_matrix             [   1.84788] 
audio    D          kcm_mixer.c:127  _al_rechannel_matrix             [   1.84795] 
dtor     D               dtor.c:196  _al_register_destructor          [   1.84803] added dtor for sample_instance 0000000002673650, func 00007ff8114c929b
audio    D          kcm_mixer.c:121  _al_rechannel_matrix             [   1.84813] sample matrix:
audio    D          kcm_mixer.c:127  _al_rechannel_matrix             [   1.84818] 
audio    D          kcm_mixer.c:127  _al_rechannel_matrix             [   1.84825] 
dtor     D               dtor.c:196  _al_register_destructor          [   1.84833] added dtor for sample_instance 0000000002673770, func 00007ff8114c929b
audio    D          kcm_mixer.c:121  _al_rechannel_matrix             [   1.84842] sample matrix:
audio    D          kcm_mixer.c:127  _al_rechannel_matrix             [   1.84850] 
audio    D          kcm_mixer.c:127  _al_rechannel_matrix             [   1.84857] 
dtor     D               dtor.c:196  _al_register_destructor          [   1.84864] added dtor for sample_instance 00000000026730b0, func 00007ff8114c929b
audio-dsound D           dsound.cpp:528  _dsound_stop_voice               [   1.84874] Stopping voice
audio-dsound D           dsound.cpp:545  _dsound_stop_voice               [   1.84882] Joining thread
audio-dsound D           dsound.cpp:551  _dsound_stop_voice               [   1.90652] Joined thread
audio-dsound D           dsound.cpp:553  _dsound_stop_voice               [   1.90660] Destroying thread
audio-dsound D           dsound.cpp:555  _dsound_stop_voice               [   1.90663] Thread destroyed
audio-dsound D           dsound.cpp:562  _dsound_stop_voice               [   1.90666] Releasing buffer
audio-dsound I           dsound.cpp:566  _dsound_stop_voice               [   1.90668] Voice stopped
audio-dsound D           dsound.cpp:466  _dsound_start_voice              [   1.90672] Starting voice
audio-dsound D           dsound.cpp:494  _dsound_start_voice              [   1.90674] CreateSoundBuffer
audio-dsound D           dsound.cpp:502  _dsound_start_voice              [   1.90696] CreateSoundBuffer succeeded
audio-dsound D           dsound.cpp:508  _dsound_start_voice              [   1.90699] Starting _dsound_update thread
audio-dsound I           dsound.cpp:518  _dsound_start_voice              [   1.90708] Voice started
audio    D          kcm_mixer.c:121  _al_rechannel_matrix             [   1.90712] sample matrix:
audio    D          kcm_mixer.c:127  _al_rechannel_matrix             [   1.90715]  0.707107 0.000000
audio    D          kcm_mixer.c:127  _al_rechannel_matrix             [   1.90717]  0.000000 0.707107
audio    D          kcm_mixer.c:121  _al_rechannel_matrix             [   1.90720] sample matrix:
audio    D          kcm_mixer.c:127  _al_rechannel_matrix             [   1.90723]  0.070711 0.000000
audio    D          kcm_mixer.c:127  _al_rechannel_matrix             [   1.90733]  0.000000 0.070711
dtor     D               dtor.c:196  _al_register_destructor          [   1.90738] added dtor for queue 000000000267c380, func 00007ff8113cc5dc
dtor     D               dtor.c:196  _al_register_destructor          [   1.91333] added dtor for timer 0000000002680050, func 00007ff8113dfb3b
stdio    D         file_stdio.c:110  file_stdio_fopen                 [   1.91354] opening assets/image/icon.jpg rb
stdio    D         file_stdio.c:110  file_stdio_fopen                 [   1.91395] opening assets/image/icon.jpg rb
d3d      D         d3d_disp.cpp:1202 real_choose_bitmap_format        [   1.91424] Fake format
d3d      D         d3d_disp.cpp:1202 real_choose_bitmap_format        [   1.91428] Fake format
d3d      D         d3d_disp.cpp:1202 real_choose_bitmap_format        [   1.91431] Fake format
d3d      D         d3d_disp.cpp:1202 real_choose_bitmap_format        [   1.91433] Fake format
d3d      D         d3d_disp.cpp:1202 real_choose_bitmap_format        [   1.91436] Fake format
d3d      D         d3d_disp.cpp:1202 real_choose_bitmap_format        [   1.91438] Fake format
d3d      D         d3d_disp.cpp:1202 real_choose_bitmap_format        [   1.91441] Fake format
d3d      D         d3d_disp.cpp:1202 real_choose_bitmap_format        [   1.91443] Fake format
d3d      D         d3d_disp.cpp:1202 real_choose_bitmap_format        [   1.91446] Fake format
d3d      D         d3d_disp.cpp:1210 real_choose_bitmap_format        [   1.91449] Alpha doesn't match
d3d      D         d3d_disp.cpp:1217 real_choose_bitmap_format        [   1.91451] Adapter format is 23
d3d      D         d3d_disp.cpp:1220 real_choose_bitmap_format        [   1.91454] Found a format
d3d      I         d3d_disp.cpp:2391 d3d_create_bitmap                [   1.91457] Chose bitmap format 9
dtor     D               dtor.c:196  _al_register_destructor          [   1.91509] added dtor for bitmap 000000000af9fd20, func 00007ff8113a1bea
d3d      D         d3d_disp.cpp:1202 real_choose_bitmap_format        [   1.92130] Fake format
d3d      D         d3d_disp.cpp:1202 real_choose_bitmap_format        [   1.92136] Fake format
d3d      D         d3d_disp.cpp:1202 real_choose_bitmap_format        [   1.92139] Fake format
d3d      D         d3d_disp.cpp:1202 real_choose_bitmap_format        [   1.92142] Fake format
d3d      D         d3d_disp.cpp:1202 real_choose_bitmap_format        [   1.92145] Fake format
d3d      D         d3d_disp.cpp:1202 real_choose_bitmap_format        [   1.92147] Fake format
d3d      D         d3d_disp.cpp:1202 real_choose_bitmap_format        [   1.92150] Fake format
d3d      D         d3d_disp.cpp:1202 real_choose_bitmap_format        [   1.92152] Fake format
d3d      D         d3d_disp.cpp:1202 real_choose_bitmap_format        [   1.92155] Fake format
d3d      D         d3d_disp.cpp:1210 real_choose_bitmap_format        [   1.92157] Alpha doesn't match
d3d      D         d3d_disp.cpp:1217 real_choose_bitmap_format        [   1.92160] Adapter format is 23
d3d      D         d3d_disp.cpp:1220 real_choose_bitmap_format        [   1.92163] Found a format
d3d      I         d3d_disp.cpp:2391 d3d_create_bitmap                [   1.92165] Chose bitmap format 9
dtor     D               dtor.c:196  _al_register_destructor          [   1.92181] added dtor for bitmap 00000000026744f0, func 00007ff8113a1bea
d3d      D          d3d_bmp.cpp:539  _al_d3d_sync_bitmap              [   1.92669] _al_d3d_sync_bitmap (system) ref count == 1
d3d      D          d3d_bmp.cpp:545  _al_d3d_sync_bitmap              [   1.92678] _al_d3d_sync_bitmap (video) ref count == 1
dtor     D               dtor.c:227  _al_unregister_destructor        [   1.93263] removed dtor for bitmap 00000000026744f0
d3d      D         d3d_disp.cpp:1202 real_choose_bitmap_format        [   1.93339] Fake format
d3d      D         d3d_disp.cpp:1202 real_choose_bitmap_format        [   1.93345] Fake format
d3d      D         d3d_disp.cpp:1202 real_choose_bitmap_format        [   1.93352] Fake format
d3d      D         d3d_disp.cpp:1202 real_choose_bitmap_format        [   1.93357] Fake format
d3d      D         d3d_disp.cpp:1202 real_choose_bitmap_format        [   1.93361] Fake format
d3d      D         d3d_disp.cpp:1202 real_choose_bitmap_format        [   1.93363] Fake format
d3d      D         d3d_disp.cpp:1202 real_choose_bitmap_format        [   1.93366] Fake format
d3d      D         d3d_disp.cpp:1202 real_choose_bitmap_format        [   1.93369] Fake format
d3d      D         d3d_disp.cpp:1202 real_choose_bitmap_format        [   1.93371] Fake format
d3d      D         d3d_disp.cpp:1210 real_choose_bitmap_format        [   1.93374] Alpha doesn't match
d3d      D         d3d_disp.cpp:1217 real_choose_bitmap_format        [   1.93376] Adapter format is 23
d3d      D         d3d_disp.cpp:1220 real_choose_bitmap_format        [   1.93379] Found a format
d3d      I         d3d_disp.cpp:2391 d3d_create_bitmap                [   1.93382] Chose bitmap format 9
dtor     D               dtor.c:196  _al_register_destructor          [   1.93396] added dtor for bitmap 00000000026ec280, func 00007ff8113a1bea
d3d      D          d3d_bmp.cpp:539  _al_d3d_sync_bitmap              [   1.94038] _al_d3d_sync_bitmap (system) ref count == 1
d3d      D          d3d_bmp.cpp:545  _al_d3d_sync_bitmap              [   1.94044] _al_d3d_sync_bitmap (video) ref count == 1
dtor     D               dtor.c:227  _al_unregister_destructor        [   1.94421] removed dtor for bitmap 00000000026ec280
d3d      D         d3d_disp.cpp:1202 real_choose_bitmap_format        [   1.94656] Fake format
d3d      D         d3d_disp.cpp:1202 real_choose_bitmap_format        [   1.94661] Fake format
d3d      D         d3d_disp.cpp:1202 real_choose_bitmap_format        [   1.94664] Fake format
d3d      D         d3d_disp.cpp:1202 real_choose_bitmap_format        [   1.94667] Fake format
d3d      D         d3d_disp.cpp:1202 real_choose_bitmap_format        [   1.94670] Fake format
d3d      D         d3d_disp.cpp:1202 real_choose_bitmap_format        [   1.94672] Fake format
d3d      D         d3d_disp.cpp:1202 real_choose_bitmap_format        [   1.94675] Fake format
d3d      D         d3d_disp.cpp:1202 real_choose_bitmap_format        [   1.94677] Fake format
d3d      D         d3d_disp.cpp:1202 real_choose_bitmap_format        [   1.94680] Fake format
d3d      D         d3d_disp.cpp:1210 real_choose_bitmap_format        [   1.94682] Alpha doesn't match
d3d      D         d3d_disp.cpp:1217 real_choose_bitmap_format        [   1.94685] Adapter format is 23
d3d      D         d3d_disp.cpp:1220 real_choose_bitmap_format        [   1.94688] Found a format
d3d      I         d3d_disp.cpp:2391 d3d_create_bitmap                [   1.94691] Chose bitmap format 9
font     D                ttf.c:243  alloc_glyph_region               [   1.94721] Glyph 50: 13x11 (16x12)
font     D                ttf.c:287  alloc_glyph_region               [   1.94725] Locking glyph region: 00000000026eec10 0 0 16 12
font     D                ttf.c:167  unlock_current_page              [   1.94753] Unlocking page: 00000000026eec10
font     D                ttf.c:243  alloc_glyph_region               [   1.94778] Glyph 84: 13x11 (16x12)
font     D                ttf.c:287  alloc_glyph_region               [   1.94781] Locking glyph region: 00000000026eec10 16 0 16 12
font     D                ttf.c:167  unlock_current_page              [   1.94788] Unlocking page: 00000000026eec10
font     D                ttf.c:243  alloc_glyph_region               [   1.94810] Glyph 71: 12x11 (12x12)
font     D                ttf.c:287  alloc_glyph_region               [   1.94813] Locking glyph region: 00000000026eec10 32 0 12 12
font     D                ttf.c:167  unlock_current_page              [   1.94820] Unlocking page: 00000000026eec10
font     D                ttf.c:243  alloc_glyph_region               [   1.94847] Glyph 85: 13x11 (16x12)
font     D                ttf.c:287  alloc_glyph_region               [   1.94851] Locking glyph region: 00000000026eec10 44 0 16 12
font     D                ttf.c:167  unlock_current_page              [   1.94860] Unlocking page: 00000000026eec10
font     D                ttf.c:446  cache_glyph                      [   1.94866] Glyph 2 has zero size.
font     D                ttf.c:243  alloc_glyph_region               [   1.94876] Glyph 9: 5x5 (8x8)
font     D                ttf.c:287  alloc_glyph_region               [   1.94879] Locking glyph region: 00000000026eec10 60 0 8 8
font     D                ttf.c:167  unlock_current_page              [   1.94885] Unlocking page: 00000000026eec10
font     D                ttf.c:243  alloc_glyph_region               [   1.94900] Glyph 39: 12x11 (12x12)
font     D                ttf.c:287  alloc_glyph_region               [   1.94904] Locking glyph region: 00000000026eec10 68 0 12 12
font     D                ttf.c:167  unlock_current_page              [   1.94913] Unlocking page: 00000000026eec10
font     D                ttf.c:243  alloc_glyph_region               [   1.94934] Glyph 80: 14x11 (16x12)
font     D                ttf.c:287  alloc_glyph_region               [   1.94938] Locking glyph region: 00000000026eec10 80 0 16 12
font     D                ttf.c:167  unlock_current_page              [   1.94945] Unlocking page: 00000000026eec10
font     D                ttf.c:243  alloc_glyph_region               [   1.94964] Glyph 86: 13x11 (16x12)
font     D                ttf.c:287  alloc_glyph_region               [   1.94967] Locking glyph region: 00000000026eec10 96 0 16 12
font     D                ttf.c:167  unlock_current_page              [   1.94973] Unlocking page: 00000000026eec10
font     D                ttf.c:243  alloc_glyph_region               [   1.94995] Glyph 81: 14x11 (16x12)
font     D                ttf.c:287  alloc_glyph_region               [   1.94998] Locking glyph region: 00000000026eec10 112 0 16 12
font     D                ttf.c:167  unlock_current_page              [   1.95005] Unlocking page: 00000000026eec10
font     D                ttf.c:243  alloc_glyph_region               [   1.95023] Glyph 67: 15x11 (16x12)
font     D                ttf.c:287  alloc_glyph_region               [   1.95026] Locking glyph region: 00000000026eec10 128 0 16 12
font     D                ttf.c:167  unlock_current_page              [   1.95032] Unlocking page: 00000000026eec10
d3d      D          d3d_bmp.cpp:539  _al_d3d_sync_bitmap              [   1.95377] _al_d3d_sync_bitmap (system) ref count == 1
d3d      D          d3d_bmp.cpp:545  _al_d3d_sync_bitmap              [   1.95389] _al_d3d_sync_bitmap (video) ref count == 1
d3d      D          d3d_bmp.cpp:539  _al_d3d_sync_bitmap              [   1.95571] _al_d3d_sync_bitmap (system) ref count == 1
d3d      D          d3d_bmp.cpp:545  _al_d3d_sync_bitmap              [   1.95579] _al_d3d_sync_bitmap (video) ref count == 1
dtor     D               dtor.c:227  _al_unregister_destructor        [   2.31380] removed dtor for ttf_font 0000000002660240
dtor     D               dtor.c:227  _al_unregister_destructor        [   2.31413] removed dtor for sample 000000000265ff10
dtor     D               dtor.c:227  _al_unregister_destructor        [   2.31777] removed dtor for sample_instance 00000000026730b0
stdio    D         file_stdio.c:110  file_stdio_fopen                 [   2.31788] opening assets/image/stage.png rb
stdio    D         file_stdio.c:110  file_stdio_fopen                 [   2.32851] opening assets/image/stage.png rb
d3d      D         d3d_disp.cpp:1202 real_choose_bitmap_format        [   2.32879] Fake format
d3d      D         d3d_disp.cpp:1202 real_choose_bitmap_format        [   2.32882] Fake format
d3d      D         d3d_disp.cpp:1202 real_choose_bitmap_format        [   2.32885] Fake format
d3d      D         d3d_disp.cpp:1202 real_choose_bitmap_format        [   2.32887] Fake format
d3d      D         d3d_disp.cpp:1202 real_choose_bitmap_format        [   2.32889] Fake format
d3d      D         d3d_disp.cpp:1202 real_choose_bitmap_format        [   2.32892] Fake format
d3d      D         d3d_disp.cpp:1202 real_choose_bitmap_format        [   2.32895] Fake format
d3d      D         d3d_disp.cpp:1202 real_choose_bitmap_format        [   2.32898] Fake format
d3d      D         d3d_disp.cpp:1202 real_choose_bitmap_format        [   2.32900] Fake format
d3d      D         d3d_disp.cpp:1210 real_choose_bitmap_format        [   2.32902] Alpha doesn't match
d3d      D         d3d_disp.cpp:1217 real_choose_bitmap_format        [   2.32905] Adapter format is 23
d3d      D         d3d_disp.cpp:1220 real_choose_bitmap_format        [   2.32908] Found a format
d3d      I         d3d_disp.cpp:2391 d3d_create_bitmap                [   2.32910] Chose bitmap format 9
dtor     D               dtor.c:196  _al_register_destructor          [   2.32931] added dtor for bitmap 00000000026eee20, func 00007ff8113a1bea
stdio    D         file_stdio.c:110  file_stdio_fopen                 [   2.35953] opening assets/image/floor.png rb
stdio    D         file_stdio.c:110  file_stdio_fopen                 [   2.35986] opening assets/image/floor.png rb
d3d      D         d3d_disp.cpp:1202 real_choose_bitmap_format        [   2.36000] Fake format
d3d      D         d3d_disp.cpp:1202 real_choose_bitmap_format        [   2.36004] Fake format
d3d      D         d3d_disp.cpp:1202 real_choose_bitmap_format        [   2.36006] Fake format
d3d      D         d3d_disp.cpp:1202 real_choose_bitmap_format        [   2.36009] Fake format
d3d      D         d3d_disp.cpp:1202 real_choose_bitmap_format        [   2.36011] Fake format
d3d      D         d3d_disp.cpp:1202 real_choose_bitmap_format        [   2.36014] Fake format
d3d      D         d3d_disp.cpp:1202 real_choose_bitmap_format        [   2.36016] Fake format
d3d      D         d3d_disp.cpp:1202 real_choose_bitmap_format        [   2.36018] Fake format
d3d      D         d3d_disp.cpp:1202 real_choose_bitmap_format        [   2.36021] Fake format
d3d      D         d3d_disp.cpp:1210 real_choose_bitmap_format        [   2.36023] Alpha doesn't match
d3d      D         d3d_disp.cpp:1217 real_choose_bitmap_format        [   2.36026] Adapter format is 23
d3d      D         d3d_disp.cpp:1220 real_choose_bitmap_format        [   2.36028] Found a format
d3d      I         d3d_disp.cpp:2391 d3d_create_bitmap                [   2.36031] Chose bitmap format 9
dtor     D               dtor.c:196  _al_register_destructor          [   2.36048] added dtor for bitmap 00000000026ec370, func 00007ff8113a1bea
stdio    D         file_stdio.c:110  file_stdio_fopen                 [   2.36547] opening assets/image/chara_stop.gif rb
d3d      D         d3d_disp.cpp:1202 real_choose_bitmap_format        [   2.36771] Fake format
d3d      D         d3d_disp.cpp:1202 real_choose_bitmap_format        [   2.36775] Fake format
d3d      D         d3d_disp.cpp:1202 real_choose_bitmap_format        [   2.36778] Fake format
d3d      D         d3d_disp.cpp:1202 real_choose_bitmap_format        [   2.36780] Fake format
d3d      D         d3d_disp.cpp:1202 real_choose_bitmap_format        [   2.36783] Fake format
d3d      D         d3d_disp.cpp:1202 real_choose_bitmap_format        [   2.36786] Fake format
d3d      D         d3d_disp.cpp:1202 real_choose_bitmap_format        [   2.36788] Fake format
d3d      D         d3d_disp.cpp:1202 real_choose_bitmap_format        [   2.36791] Fake format
d3d      D         d3d_disp.cpp:1202 real_choose_bitmap_format        [   2.36793] Fake format
d3d      D         d3d_disp.cpp:1210 real_choose_bitmap_format        [   2.36796] Alpha doesn't match
d3d      D         d3d_disp.cpp:1217 real_choose_bitmap_format        [   2.36798] Adapter format is 23
d3d      D         d3d_disp.cpp:1220 real_choose_bitmap_format        [   2.36801] Found a format
d3d      I         d3d_disp.cpp:2391 d3d_create_bitmap                [   2.36804] Chose bitmap format 9
dtor     D               dtor.c:196  _al_register_destructor          [   2.36824] added dtor for bitmap 000000000af999f0, func 00007ff8113a1bea
d3d      D         d3d_disp.cpp:1202 real_choose_bitmap_format        [   2.42249] Fake format
d3d      D         d3d_disp.cpp:1202 real_choose_bitmap_format        [   2.42262] Fake format
d3d      D         d3d_disp.cpp:1202 real_choose_bitmap_format        [   2.42270] Fake format
d3d      D         d3d_disp.cpp:1202 real_choose_bitmap_format        [   2.42277] Fake format
d3d      D         d3d_disp.cpp:1202 real_choose_bitmap_format        [   2.42285] Fake format
d3d      D         d3d_disp.cpp:1202 real_choose_bitmap_format        [   2.42292] Fake format
d3d      D         d3d_disp.cpp:1202 real_choose_bitmap_format        [   2.42299] Fake format
d3d      D         d3d_disp.cpp:1202 real_choose_bitmap_format        [   2.42306] Fake format
d3d      D         d3d_disp.cpp:1202 real_choose_bitmap_format        [   2.42314] Fake format
d3d      D         d3d_disp.cpp:1210 real_choose_bitmap_format        [   2.42321] Alpha doesn't match
d3d      D         d3d_disp.cpp:1217 real_choose_bitmap_format        [   2.42328] Adapter format is 23
d3d      D         d3d_disp.cpp:1220 real_choose_bitmap_format        [   2.42336] Found a format
d3d      I         d3d_disp.cpp:2391 d3d_create_bitmap                [   2.42344] Chose bitmap format 9
dtor     D               dtor.c:196  _al_register_destructor          [   2.42458] added dtor for bitmap 0000000002617ad0, func 00007ff8113a1bea
d3d      D         d3d_disp.cpp:1202 real_choose_bitmap_format        [   2.48508] Fake format
d3d      D         d3d_disp.cpp:1202 real_choose_bitmap_format        [   2.48516] Fake format
d3d      D         d3d_disp.cpp:1202 real_choose_bitmap_format        [   2.48519] Fake format
d3d      D         d3d_disp.cpp:1202 real_choose_bitmap_format        [   2.48522] Fake format
d3d      D         d3d_disp.cpp:1202 real_choose_bitmap_format        [   2.48524] Fake format
d3d      D         d3d_disp.cpp:1202 real_choose_bitmap_format        [   2.48527] Fake format
d3d      D         d3d_disp.cpp:1202 real_choose_bitmap_format        [   2.48531] Fake format
d3d      D         d3d_disp.cpp:1202 real_choose_bitmap_format        [   2.48535] Fake format
d3d      D         d3d_disp.cpp:1202 real_choose_bitmap_format        [   2.48540] Fake format
d3d      D         d3d_disp.cpp:1210 real_choose_bitmap_format        [   2.48545] Alpha doesn't match
d3d      D         d3d_disp.cpp:1217 real_choose_bitmap_format        [   2.48548] Adapter format is 23
d3d      D         d3d_disp.cpp:1220 real_choose_bitmap_format        [   2.48550] Found a format
d3d      I         d3d_disp.cpp:2391 d3d_create_bitmap                [   2.48553] Chose bitmap format 9
dtor     D               dtor.c:196  _al_register_destructor          [   2.48574] added dtor for bitmap 0000000002662ac0, func 00007ff8113a1bea
d3d      D         d3d_disp.cpp:1202 real_choose_bitmap_format        [   2.53184] Fake format
d3d      D         d3d_disp.cpp:1202 real_choose_bitmap_format        [   2.53192] Fake format
d3d      D         d3d_disp.cpp:1202 real_choose_bitmap_format        [   2.53195] Fake format
d3d      D         d3d_disp.cpp:1202 real_choose_bitmap_format        [   2.53198] Fake format
d3d      D         d3d_disp.cpp:1202 real_choose_bitmap_format        [   2.53200] Fake format
d3d      D         d3d_disp.cpp:1202 real_choose_bitmap_format        [   2.53203] Fake format
d3d      D         d3d_disp.cpp:1202 real_choose_bitmap_format        [   2.53205] Fake format
d3d      D         d3d_disp.cpp:1202 real_choose_bitmap_format        [   2.53208] Fake format
d3d      D         d3d_disp.cpp:1202 real_choose_bitmap_format        [   2.53210] Fake format
d3d      D         d3d_disp.cpp:1210 real_choose_bitmap_format        [   2.53213] Alpha doesn't match
d3d      D         d3d_disp.cpp:1217 real_choose_bitmap_format        [   2.53216] Adapter format is 23
d3d      D         d3d_disp.cpp:1220 real_choose_bitmap_format        [   2.53218] Found a format
d3d      I         d3d_disp.cpp:2391 d3d_create_bitmap                [   2.53222] Chose bitmap format 9
dtor     D               dtor.c:196  _al_register_destructor          [   2.53577] added dtor for bitmap 0000000002663d20, func 00007ff8113a1bea
stdio    D         file_stdio.c:110  file_stdio_fopen                 [   2.58917] opening assets/image/chara_move.gif rb
d3d      D         d3d_disp.cpp:1202 real_choose_bitmap_format        [   2.59104] Fake format
d3d      D         d3d_disp.cpp:1202 real_choose_bitmap_format        [   2.59108] Fake format
d3d      D         d3d_disp.cpp:1202 real_choose_bitmap_format        [   2.59111] Fake format
d3d      D         d3d_disp.cpp:1202 real_choose_bitmap_format        [   2.59113] Fake format
d3d      D         d3d_disp.cpp:1202 real_choose_bitmap_format        [   2.59116] Fake format
d3d      D         d3d_disp.cpp:1202 real_choose_bitmap_format        [   2.59118] Fake format
d3d      D         d3d_disp.cpp:1202 real_choose_bitmap_format        [   2.59121] Fake format
d3d      D         d3d_disp.cpp:1202 real_choose_bitmap_format        [   2.59124] Fake format
d3d      D         d3d_disp.cpp:1202 real_choose_bitmap_format        [   2.59126] Fake format
d3d      D         d3d_disp.cpp:1210 real_choose_bitmap_format        [   2.59129] Alpha doesn't match
d3d      D         d3d_disp.cpp:1217 real_choose_bitmap_format        [   2.59132] Adapter format is 23
d3d      D         d3d_disp.cpp:1220 real_choose_bitmap_format        [   2.59136] Found a format
d3d      I         d3d_disp.cpp:2391 d3d_create_bitmap                [   2.59139] Chose bitmap format 9
dtor     D               dtor.c:196  _al_register_destructor          [   2.59160] added dtor for bitmap 000000000b0b6780, func 00007ff8113a1bea
d3d      D         d3d_disp.cpp:1202 real_choose_bitmap_format        [   2.63822] Fake format
d3d      D         d3d_disp.cpp:1202 real_choose_bitmap_format        [   2.63830] Fake format
d3d      D         d3d_disp.cpp:1202 real_choose_bitmap_format        [   2.63833] Fake format
d3d      D         d3d_disp.cpp:1202 real_choose_bitmap_format        [   2.63836] Fake format
d3d      D         d3d_disp.cpp:1202 real_choose_bitmap_format        [   2.63839] Fake format
d3d      D         d3d_disp.cpp:1202 real_choose_bitmap_format        [   2.63841] Fake format
d3d      D         d3d_disp.cpp:1202 real_choose_bitmap_format        [   2.63844] Fake format
d3d      D         d3d_disp.cpp:1202 real_choose_bitmap_format        [   2.63846] Fake format
d3d      D         d3d_disp.cpp:1202 real_choose_bitmap_format        [   2.63849] Fake format
d3d      D         d3d_disp.cpp:1210 real_choose_bitmap_format        [   2.63851] Alpha doesn't match
d3d      D         d3d_disp.cpp:1217 real_choose_bitmap_format        [   2.63854] Adapter format is 23
d3d      D         d3d_disp.cpp:1220 real_choose_bitmap_format        [   2.63857] Found a format
d3d      I         d3d_disp.cpp:2391 d3d_create_bitmap                [   2.63860] Chose bitmap format 9
dtor     D               dtor.c:196  _al_register_destructor          [   2.64232] added dtor for bitmap 000000000b0bd140, func 00007ff8113a1bea
d3d      D         d3d_disp.cpp:1202 real_choose_bitmap_format        [   2.69481] Fake format
d3d      D         d3d_disp.cpp:1202 real_choose_bitmap_format        [   2.69489] Fake format
d3d      D         d3d_disp.cpp:1202 real_choose_bitmap_format        [   2.69492] Fake format
d3d      D         d3d_disp.cpp:1202 real_choose_bitmap_format        [   2.69495] Fake format
d3d      D         d3d_disp.cpp:1202 real_choose_bitmap_format        [   2.69497] Fake format
d3d      D         d3d_disp.cpp:1202 real_choose_bitmap_format        [   2.69500] Fake format
d3d      D         d3d_disp.cpp:1202 real_choose_bitmap_format        [   2.69503] Fake format
d3d      D         d3d_disp.cpp:1202 real_choose_bitmap_format        [   2.69505] Fake format
d3d      D         d3d_disp.cpp:1202 real_choose_bitmap_format        [   2.69508] Fake format
d3d      D         d3d_disp.cpp:1210 real_choose_bitmap_format        [   2.69511] Alpha doesn't match
d3d      D         d3d_disp.cpp:1217 real_choose_bitmap_format        [   2.69514] Adapter format is 23
d3d      D         d3d_disp.cpp:1220 real_choose_bitmap_format        [   2.69517] Found a format
d3d      I         d3d_disp.cpp:2391 d3d_create_bitmap                [   2.69520] Chose bitmap format 9
dtor     D               dtor.c:196  _al_register_destructor          [   2.69549] added dtor for bitmap 000000000b0bd2f0, func 00007ff8113a1bea
stdio    D         file_stdio.c:110  file_stdio_fopen                 [   2.74274] opening assets/image/chara_attack.gif rb
d3d      D         d3d_disp.cpp:1202 real_choose_bitmap_format        [   2.74527] Fake format
d3d      D         d3d_disp.cpp:1202 real_choose_bitmap_format        [   2.74533] Fake format
d3d      D         d3d_disp.cpp:1202 real_choose_bitmap_format        [   2.74538] Fake format
d3d      D         d3d_disp.cpp:1202 real_choose_bitmap_format        [   2.74540] Fake format
d3d      D         d3d_disp.cpp:1202 real_choose_bitmap_format        [   2.74543] Fake format
d3d      D         d3d_disp.cpp:1202 real_choose_bitmap_format        [   2.74546] Fake format
d3d      D         d3d_disp.cpp:1202 real_choose_bitmap_format        [   2.74548] Fake format
d3d      D         d3d_disp.cpp:1202 real_choose_bitmap_format        [   2.74551] Fake format
d3d      D         d3d_disp.cpp:1202 real_choose_bitmap_format        [   2.74553] Fake format
d3d      D         d3d_disp.cpp:1210 real_choose_bitmap_format        [   2.74556] Alpha doesn't match
d3d      D         d3d_disp.cpp:1217 real_choose_bitmap_format        [   2.74559] Adapter format is 23
d3d      D         d3d_disp.cpp:1220 real_choose_bitmap_format        [   2.74561] Found a format
d3d      I         d3d_disp.cpp:2391 d3d_create_bitmap                [   2.74564] Chose bitmap format 9
dtor     D               dtor.c:196  _al_register_destructor          [   2.74718] added dtor for bitmap 000000000b0bd4a0, func 00007ff8113a1bea
d3d      D         d3d_disp.cpp:1202 real_choose_bitmap_format        [   2.80329] Fake format
d3d      D         d3d_disp.cpp:1202 real_choose_bitmap_format        [   2.80337] Fake format
d3d      D         d3d_disp.cpp:1202 real_choose_bitmap_format        [   2.80340] Fake format
d3d      D         d3d_disp.cpp:1202 real_choose_bitmap_format        [   2.80343] Fake format
d3d      D         d3d_disp.cpp:1202 real_choose_bitmap_format        [   2.80345] Fake format
d3d      D         d3d_disp.cpp:1202 real_choose_bitmap_format        [   2.80348] Fake format
d3d      D         d3d_disp.cpp:1202 real_choose_bitmap_format        [   2.80350] Fake format
d3d      D         d3d_disp.cpp:1202 real_choose_bitmap_format        [   2.80353] Fake format
d3d      D         d3d_disp.cpp:1202 real_choose_bitmap_format        [   2.80355] Fake format
d3d      D         d3d_disp.cpp:1210 real_choose_bitmap_format        [   2.80358] Alpha doesn't match
d3d      D         d3d_disp.cpp:1217 real_choose_bitmap_format        [   2.80361] Adapter format is 23
d3d      D         d3d_disp.cpp:1220 real_choose_bitmap_format        [   2.80363] Found a format
d3d      I         d3d_disp.cpp:2391 d3d_create_bitmap                [   2.80366] Chose bitmap format 9
dtor     D               dtor.c:196  _al_register_destructor          [   2.80391] added dtor for bitmap 000000000265f600, func 00007ff8113a1bea
d3d      D         d3d_disp.cpp:1202 real_choose_bitmap_format        [   2.85620] Fake format
d3d      D         d3d_disp.cpp:1202 real_choose_bitmap_format        [   2.85630] Fake format
d3d      D         d3d_disp.cpp:1202 real_choose_bitmap_format        [   2.85634] Fake format
d3d      D         d3d_disp.cpp:1202 real_choose_bitmap_format        [   2.85639] Fake format
d3d      D         d3d_disp.cpp:1202 real_choose_bitmap_format        [   2.85643] Fake format
d3d      D         d3d_disp.cpp:1202 real_choose_bitmap_format        [   2.85647] Fake format
d3d      D         d3d_disp.cpp:1202 real_choose_bitmap_format        [   2.85652] Fake format
d3d      D         d3d_disp.cpp:1202 real_choose_bitmap_format        [   2.85656] Fake format
d3d      D         d3d_disp.cpp:1202 real_choose_bitmap_format        [   2.85660] Fake format
d3d      D         d3d_disp.cpp:1210 real_choose_bitmap_format        [   2.85664] Alpha doesn't match
d3d      D         d3d_disp.cpp:1217 real_choose_bitmap_format        [   2.85668] Adapter format is 23
d3d      D         d3d_disp.cpp:1220 real_choose_bitmap_format        [   2.85673] Found a format
d3d      I         d3d_disp.cpp:2391 d3d_create_bitmap                [   2.85677] Chose bitmap format 9
dtor     D               dtor.c:196  _al_register_destructor          [   2.85703] added dtor for bitmap 000000000af9f860, func 00007ff8113a1bea
d3d      D         d3d_disp.cpp:1202 real_choose_bitmap_format        [   2.93549] Fake format
d3d      D         d3d_disp.cpp:1202 real_choose_bitmap_format        [   2.93557] Fake format
d3d      D         d3d_disp.cpp:1202 real_choose_bitmap_format        [   2.93560] Fake format
d3d      D         d3d_disp.cpp:1202 real_choose_bitmap_format        [   2.93563] Fake format
d3d      D         d3d_disp.cpp:1202 real_choose_bitmap_format        [   2.93566] Fake format
d3d      D         d3d_disp.cpp:1202 real_choose_bitmap_format        [   2.93568] Fake format
d3d      D         d3d_disp.cpp:1202 real_choose_bitmap_format        [   2.93571] Fake format
d3d      D         d3d_disp.cpp:1202 real_choose_bitmap_format        [   2.93573] Fake format
d3d      D         d3d_disp.cpp:1202 real_choose_bitmap_format        [   2.93576] Fake format
d3d      D         d3d_disp.cpp:1210 real_choose_bitmap_format        [   2.93579] Alpha doesn't match
d3d      D         d3d_disp.cpp:1217 real_choose_bitmap_format        [   2.93581] Adapter format is 23
d3d      D         d3d_disp.cpp:1220 real_choose_bitmap_format        [   2.93584] Found a format
d3d      I         d3d_disp.cpp:2391 d3d_create_bitmap                [   2.93587] Chose bitmap format 9
dtor     D               dtor.c:196  _al_register_destructor          [   2.93981] added dtor for bitmap 000000000af9fa10, func 00007ff8113a1bea
stdio    D         file_stdio.c:110  file_stdio_fopen                 [   2.98668] opening assets/sound/atk_sound.wav rb
wav      E                wav.c:121  wav_open                         [   2.98702] Bad RIFF type.
dtor     D               dtor.c:196  _al_register_destructor          [   2.98710] added dtor for sample 000000000b02f630, func 00007ff8114d1a1d
dtor     D               dtor.c:196  _al_register_destructor          [   2.98726] added dtor for sample_instance 00000000026730b0, func 00007ff8114c929b
audio    D          kcm_mixer.c:121  _al_rechannel_matrix             [   2.98732] sample matrix:
audio    D          kcm_mixer.c:127  _al_rechannel_matrix             [   2.98737]  0.500000
audio    D          kcm_mixer.c:127  _al_rechannel_matrix             [   2.98741]  0.500000
stdio    D         file_stdio.c:110  file_stdio_fopen                 [   2.98745] opening assets/image/castle.png rb
stdio    D         file_stdio.c:110  file_stdio_fopen                 [   2.98777] opening assets/image/castle.png rb
d3d      D         d3d_disp.cpp:1202 real_choose_bitmap_format        [   2.98798] Fake format
d3d      D         d3d_disp.cpp:1202 real_choose_bitmap_format        [   2.98803] Fake format
d3d      D         d3d_disp.cpp:1202 real_choose_bitmap_format        [   2.98808] Fake format
d3d      D         d3d_disp.cpp:1202 real_choose_bitmap_format        [   2.98812] Fake format
d3d      D         d3d_disp.cpp:1202 real_choose_bitmap_format        [   2.98816] Fake format
d3d      D         d3d_disp.cpp:1202 real_choose_bitmap_format        [   2.98820] Fake format
d3d      D         d3d_disp.cpp:1202 real_choose_bitmap_format        [   2.98824] Fake format
d3d      D         d3d_disp.cpp:1202 real_choose_bitmap_format        [   2.98828] Fake format
d3d      D         d3d_disp.cpp:1202 real_choose_bitmap_format        [   2.98842] Fake format
d3d      D         d3d_disp.cpp:1210 real_choose_bitmap_format        [   2.98847] Alpha doesn't match
d3d      D         d3d_disp.cpp:1217 real_choose_bitmap_format        [   2.98851] Adapter format is 23
d3d      D         d3d_disp.cpp:1220 real_choose_bitmap_format        [   2.98855] Found a format
d3d      I         d3d_disp.cpp:2391 d3d_create_bitmap                [   2.98859] Chose bitmap format 9
dtor     D               dtor.c:196  _al_register_destructor          [   2.98893] added dtor for bitmap 000000000265dec0, func 00007ff8113a1bea
stdio    D         file_stdio.c:110  file_stdio_fopen                 [   3.00114] opening assets/font/pirulen.ttf rb
font     D                ttf.c:943  al_load_ttf_font_stretch_f       [   3.00168] Font assets/font/pirulen.ttf loaded with pixel size 0 x 30.
font     D                ttf.c:945  al_load_ttf_font_stretch_f       [   3.00172]     ascent=29.0, descent=-8.0, height=36.0
dtor     D               dtor.c:196  _al_register_destructor          [   3.00175] added dtor for ttf_font 000000000b02f720, func 00007ff8114c4c05
stdio    D         file_stdio.c:110  file_stdio_fopen                 [   3.00179] opening assets/image/camp.png rb
stdio    D         file_stdio.c:110  file_stdio_fopen                 [   3.00203] opening assets/image/camp.png rb
d3d      D         d3d_disp.cpp:1202 real_choose_bitmap_format        [   3.00218] Fake format
d3d      D         d3d_disp.cpp:1202 real_choose_bitmap_format        [   3.00221] Fake format
d3d      D         d3d_disp.cpp:1202 real_choose_bitmap_format        [   3.00224] Fake format
d3d      D         d3d_disp.cpp:1202 real_choose_bitmap_format        [   3.00226] Fake format
d3d      D         d3d_disp.cpp:1202 real_choose_bitmap_format        [   3.00229] Fake format
d3d      D         d3d_disp.cpp:1202 real_choose_bitmap_format        [   3.00231] Fake format
d3d      D         d3d_disp.cpp:1202 real_choose_bitmap_format        [   3.00233] Fake format
d3d      D         d3d_disp.cpp:1202 real_choose_bitmap_format        [   3.00236] Fake format
d3d      D         d3d_disp.cpp:1202 real_choose_bitmap_format        [   3.00238] Fake format
d3d      D         d3d_disp.cpp:1210 real_choose_bitmap_format        [   3.00240] Alpha doesn't match
d3d      D         d3d_disp.cpp:1217 real_choose_bitmap_format        [   3.00243] Adapter format is 23
d3d      D         d3d_disp.cpp:1220 real_choose_bitmap_format        [   3.00246] Found a format
d3d      I         d3d_disp.cpp:2391 d3d_create_bitmap                [   3.00248] Chose bitmap format 9
dtor     D               dtor.c:196  _al_register_destructor          [   3.00262] added dtor for bitmap 000000000979dac0, func 00007ff8113a1bea
d3d      D         d3d_disp.cpp:1202 real_choose_bitmap_format        [   3.00402] Fake format
d3d      D         d3d_disp.cpp:1202 real_choose_bitmap_format        [   3.00409] Fake format
d3d      D         d3d_disp.cpp:1202 real_choose_bitmap_format        [   3.00413] Fake format
d3d      D         d3d_disp.cpp:1202 real_choose_bitmap_format        [   3.00415] Fake format
d3d      D         d3d_disp.cpp:1202 real_choose_bitmap_format        [   3.00418] Fake format
d3d      D         d3d_disp.cpp:1202 real_choose_bitmap_format        [   3.00420] Fake format
d3d      D         d3d_disp.cpp:1202 real_choose_bitmap_format        [   3.00422] Fake format
d3d      D         d3d_disp.cpp:1202 real_choose_bitmap_format        [   3.00425] Fake format
d3d      D         d3d_disp.cpp:1202 real_choose_bitmap_format        [   3.00427] Fake format
d3d      D         d3d_disp.cpp:1210 real_choose_bitmap_format        [   3.00430] Alpha doesn't match
d3d      D         d3d_disp.cpp:1217 real_choose_bitmap_format        [   3.00432] Adapter format is 23
d3d      D         d3d_disp.cpp:1220 real_choose_bitmap_format        [   3.00435] Found a format
d3d      I         d3d_disp.cpp:2391 d3d_create_bitmap                [   3.00437] Chose bitmap format 9
font     D                ttf.c:243  alloc_glyph_region               [   3.00457] Glyph 47: 36x23 (36x24)
font     D                ttf.c:287  alloc_glyph_region               [   3.00461] Locking glyph region: 00000000097a0590 0 0 36 24
font     D                ttf.c:167  unlock_current_page              [   3.00603] Unlocking page: 00000000097a0590
font     D                ttf.c:243  alloc_glyph_region               [   3.00634] Glyph 81: 31x23 (32x24)
font     D                ttf.c:287  alloc_glyph_region               [   3.00637] Locking glyph region: 00000000097a0590 36 0 32 24
font     D                ttf.c:167  unlock_current_page              [   3.00645] Unlocking page: 00000000097a0590
font     D                ttf.c:243  alloc_glyph_region               [   3.00664] Glyph 80: 31x23 (32x24)
font     D                ttf.c:287  alloc_glyph_region               [   3.00667] Locking glyph region: 00000000097a0590 68 0 32 24
font     D                ttf.c:167  unlock_current_page              [   3.00673] Unlocking page: 00000000097a0590
font     D                ttf.c:243  alloc_glyph_region               [   3.00694] Glyph 71: 25x23 (28x24)
font     D                ttf.c:287  alloc_glyph_region               [   3.00697] Locking glyph region: 00000000097a0590 100 0 28 24
font     D                ttf.c:167  unlock_current_page              [   3.00705] Unlocking page: 00000000097a0590
font     D                ttf.c:243  alloc_glyph_region               [   3.00725] Glyph 91: 34x23 (36x24)
font     D                ttf.c:287  alloc_glyph_region               [   3.00728] Locking glyph region: 00000000097a0590 128 0 36 24
font     D                ttf.c:167  unlock_current_page              [   3.00735] Unlocking page: 00000000097a0590
font     D                ttf.c:243  alloc_glyph_region               [   3.00747] Glyph 28: 7x18 (8x20)
font     D                ttf.c:287  alloc_glyph_region               [   3.00750] Locking glyph region: 00000000097a0590 164 0 8 20
font     D                ttf.c:167  unlock_current_page              [   3.00756] Unlocking page: 00000000097a0590
font     D                ttf.c:446  cache_glyph                      [   3.00761] Glyph 2 has zero size.
font     D                ttf.c:243  alloc_glyph_region               [   3.00771] Glyph 19: 12x23 (12x24)
font     D                ttf.c:287  alloc_glyph_region               [   3.00774] Locking glyph region: 00000000097a0590 172 0 12 24
font     D                ttf.c:167  unlock_current_page              [   3.00780] Unlocking page: 00000000097a0590
font     D                ttf.c:243  alloc_glyph_region               [   3.00794] Glyph 18: 26x23 (28x24)
font     D                ttf.c:287  alloc_glyph_region               [   3.00797] Locking glyph region: 00000000097a0590 184 0 28 24
font     D                ttf.c:167  unlock_current_page              [   3.00804] Unlocking page: 00000000097a0590
d3d      D          d3d_bmp.cpp:539  _al_d3d_sync_bitmap              [   3.01505] _al_d3d_sync_bitmap (system) ref count == 1
d3d      D          d3d_bmp.cpp:545  _al_d3d_sync_bitmap              [   3.01515] _al_d3d_sync_bitmap (video) ref count == 1
d3d      D          d3d_bmp.cpp:539  _al_d3d_sync_bitmap              [   3.02184] _al_d3d_sync_bitmap (system) ref count == 1
d3d      D          d3d_bmp.cpp:545  _al_d3d_sync_bitmap              [   3.02194] _al_d3d_sync_bitmap (video) ref count == 1
d3d      D          d3d_bmp.cpp:539  _al_d3d_sync_bitmap              [   3.02268] _al_d3d_sync_bitmap (system) ref count == 1
d3d      D          d3d_bmp.cpp:545  _al_d3d_sync_bitmap              [   3.02271] _al_d3d_sync_bitmap (video) ref count == 1
d3d      D          d3d_bmp.cpp:539  _al_d3d_sync_bitmap              [   3.02336] _al_d3d_sync_bitmap (system) ref count == 1
d3d      D          d3d_bmp.cpp:545  _al_d3d_sync_bitmap              [   3.02340] _al_d3d_sync_bitmap (video) ref count == 1
d3d      D          d3d_bmp.cpp:539  _al_d3d_sync_bitmap              [   3.02424] _al_d3d_sync_bitmap (system) ref count == 1
d3d      D          d3d_bmp.cpp:545  _al_d3d_sync_bitmap              [   3.02430] _al_d3d_sync_bitmap (video) ref count == 1
d3d      D          d3d_bmp.cpp:539  _al_d3d_sync_bitmap              [   3.02499] _al_d3d_sync_bitmap (system) ref count == 1
d3d      D          d3d_bmp.cpp:545  _al_d3d_sync_bitmap              [   3.02504] _al_d3d_sync_bitmap (video) ref count == 1
d3d      D          d3d_bmp.cpp:539  _al_d3d_sync_bitmap              [   3.02589] _al_d3d_sync_bitmap (system) ref count == 1
d3d      D          d3d_bmp.cpp:545  _al_d3d_sync_bitmap              [   3.02595] _al_d3d_sync_bitmap (video) ref count == 1
d3d      D          d3d_bmp.cpp:539  _al_d3d_sync_bitmap              [   3.02669] _al_d3d_sync_bitmap (system) ref count == 1
d3d      D          d3d_bmp.cpp:545  _al_d3d_sync_bitmap              [   3.02674] _al_d3d_sync_bitmap (video) ref count == 1
d3d      D          d3d_bmp.cpp:539  _al_d3d_sync_bitmap              [   3.02733] _al_d3d_sync_bitmap (system) ref count == 1
d3d      D          d3d_bmp.cpp:545  _al_d3d_sync_bitmap              [   3.02737] _al_d3d_sync_bitmap (video) ref count == 1
d3d      D          d3d_bmp.cpp:539  _al_d3d_sync_bitmap              [   3.02809] _al_d3d_sync_bitmap (system) ref count == 1
d3d      D          d3d_bmp.cpp:545  _al_d3d_sync_bitmap              [   3.02814] _al_d3d_sync_bitmap (video) ref count == 1
d3d      D          d3d_bmp.cpp:539  _al_d3d_sync_bitmap              [   3.02885] _al_d3d_sync_bitmap (system) ref count == 1
d3d      D          d3d_bmp.cpp:545  _al_d3d_sync_bitmap              [   3.02889] _al_d3d_sync_bitmap (video) ref count == 1
d3d      D          d3d_bmp.cpp:539  _al_d3d_sync_bitmap              [   3.02958] _al_d3d_sync_bitmap (system) ref count == 1
d3d      D          d3d_bmp.cpp:545  _al_d3d_sync_bitmap              [   3.02962] _al_d3d_sync_bitmap (video) ref count == 1
d3d      D          d3d_bmp.cpp:539  _al_d3d_sync_bitmap              [   3.03035] _al_d3d_sync_bitmap (system) ref count == 1
d3d      D          d3d_bmp.cpp:545  _al_d3d_sync_bitmap              [   3.03039] _al_d3d_sync_bitmap (video) ref count == 1
d3d      D          d3d_bmp.cpp:539  _al_d3d_sync_bitmap              [   3.03110] _al_d3d_sync_bitmap (system) ref count == 1
d3d      D          d3d_bmp.cpp:545  _al_d3d_sync_bitmap              [   3.03114] _al_d3d_sync_bitmap (video) ref count == 1
d3d      D          d3d_bmp.cpp:539  _al_d3d_sync_bitmap              [   3.03217] _al_d3d_sync_bitmap (system) ref count == 1
d3d      D          d3d_bmp.cpp:545  _al_d3d_sync_bitmap              [   3.03221] _al_d3d_sync_bitmap (video) ref count == 1
d3d      D          d3d_bmp.cpp:539  _al_d3d_sync_bitmap              [   3.03278] _al_d3d_sync_bitmap (system) ref count == 1
d3d      D          d3d_bmp.cpp:545  _al_d3d_sync_bitmap              [   3.03281] _al_d3d_sync_bitmap (video) ref count == 1
dtor     D               dtor.c:227  _al_unregister_destructor        [  16.91245] removed dtor for queue 000000000267c380
d3d      I         d3d_disp.cpp:915  d3d_destroy_display              [  16.91257] destroying display 00000000001ecc10 (current 0000000000000000)
bitmap   D        bitmap_type.c:308  _al_convert_to_memory_bitmap     [  16.91569] converting display bitmap 00000000097a0590 to memory bitmap
dtor     D               dtor.c:196  _al_register_destructor          [  16.91585] added dtor for bitmap 00000000097a0c50, func 00007ff8113a1bea
d3d      D          d3d_bmp.cpp:539  _al_d3d_sync_bitmap              [  16.91592] _al_d3d_sync_bitmap (system) ref count == 1
d3d      D          d3d_bmp.cpp:545  _al_d3d_sync_bitmap              [  16.91596] _al_d3d_sync_bitmap (video) ref count == 1
dtor     D               dtor.c:227  _al_unregister_destructor        [  16.92052] removed dtor for bitmap 00000000097a0c50
bitmap   D        bitmap_type.c:308  _al_convert_to_memory_bitmap     [  16.92169] converting display bitmap 000000000979dac0 to memory bitmap
dtor     D               dtor.c:196  _al_register_destructor          [  16.92176] added dtor for bitmap 00000000097a0aa0, func 00007ff8113a1bea
d3d      D          d3d_bmp.cpp:539  _al_d3d_sync_bitmap              [  16.92181] _al_d3d_sync_bitmap (system) ref count == 1
d3d      D          d3d_bmp.cpp:545  _al_d3d_sync_bitmap              [  16.92184] _al_d3d_sync_bitmap (video) ref count == 1
dtor     D               dtor.c:227  _al_unregister_destructor        [  16.92261] removed dtor for bitmap 00000000097a0aa0
bitmap   D        bitmap_type.c:308  _al_convert_to_memory_bitmap     [  16.92270] converting display bitmap 000000000265dec0 to memory bitmap
dtor     D               dtor.c:196  _al_register_destructor          [  16.92278] added dtor for bitmap 00000000097a0aa0, func 00007ff8113a1bea
d3d      D          d3d_bmp.cpp:539  _al_d3d_sync_bitmap              [  16.92282] _al_d3d_sync_bitmap (system) ref count == 1
d3d      D          d3d_bmp.cpp:545  _al_d3d_sync_bitmap              [  16.92285] _al_d3d_sync_bitmap (video) ref count == 1
dtor     D               dtor.c:227  _al_unregister_destructor        [  16.92386] removed dtor for bitmap 00000000097a0aa0
bitmap   D        bitmap_type.c:308  _al_convert_to_memory_bitmap     [  16.92408] converting display bitmap 000000000af9fa10 to memory bitmap
dtor     D               dtor.c:196  _al_register_destructor          [  16.92414] added dtor for bitmap 00000000097a08f0, func 00007ff8113a1bea
d3d      D          d3d_bmp.cpp:539  _al_d3d_sync_bitmap              [  16.92418] _al_d3d_sync_bitmap (system) ref count == 1
d3d      D          d3d_bmp.cpp:545  _al_d3d_sync_bitmap              [  16.92420] _al_d3d_sync_bitmap (video) ref count == 1
dtor     D               dtor.c:227  _al_unregister_destructor        [  16.92505] removed dtor for bitmap 00000000097a08f0
bitmap   D        bitmap_type.c:308  _al_convert_to_memory_bitmap     [  16.92514] converting display bitmap 000000000af9f860 to memory bitmap
dtor     D               dtor.c:196  _al_register_destructor          [  16.92519] added dtor for bitmap 00000000097a08f0, func 00007ff8113a1bea
d3d      D          d3d_bmp.cpp:539  _al_d3d_sync_bitmap              [  16.92524] _al_d3d_sync_bitmap (system) ref count == 1
d3d      D          d3d_bmp.cpp:545  _al_d3d_sync_bitmap              [  16.92527] _al_d3d_sync_bitmap (video) ref count == 1
dtor     D               dtor.c:227  _al_unregister_destructor        [  16.92601] removed dtor for bitmap 00000000097a08f0
bitmap   D        bitmap_type.c:308  _al_convert_to_memory_bitmap     [  16.92611] converting display bitmap 000000000265f600 to memory bitmap
dtor     D               dtor.c:196  _al_register_destructor          [  16.92618] added dtor for bitmap 00000000097a0740, func 00007ff8113a1bea
d3d      D          d3d_bmp.cpp:539  _al_d3d_sync_bitmap              [  16.92622] _al_d3d_sync_bitmap (system) ref count == 1
d3d      D          d3d_bmp.cpp:545  _al_d3d_sync_bitmap              [  16.92625] _al_d3d_sync_bitmap (video) ref count == 1
dtor     D               dtor.c:227  _al_unregister_destructor        [  16.92693] removed dtor for bitmap 00000000097a0740
bitmap   D        bitmap_type.c:308  _al_convert_to_memory_bitmap     [  16.92712] converting display bitmap 000000000b0bd4a0 to memory bitmap
dtor     D               dtor.c:196  _al_register_destructor          [  16.92719] added dtor for bitmap 00000000097a1160, func 00007ff8113a1bea
d3d      D          d3d_bmp.cpp:539  _al_d3d_sync_bitmap              [  16.92723] _al_d3d_sync_bitmap (system) ref count == 1
d3d      D          d3d_bmp.cpp:545  _al_d3d_sync_bitmap              [  16.92726] _al_d3d_sync_bitmap (video) ref count == 1
dtor     D               dtor.c:227  _al_unregister_destructor        [  16.92866] removed dtor for bitmap 00000000097a1160
bitmap   D        bitmap_type.c:308  _al_convert_to_memory_bitmap     [  16.92879] converting display bitmap 000000000b0bd2f0 to memory bitmap
dtor     D               dtor.c:196  _al_register_destructor          [  16.92884] added dtor for bitmap 00000000097a0e00, func 00007ff8113a1bea
d3d      D          d3d_bmp.cpp:539  _al_d3d_sync_bitmap              [  16.92889] _al_d3d_sync_bitmap (system) ref count == 1
d3d      D          d3d_bmp.cpp:545  _al_d3d_sync_bitmap              [  16.92893] _al_d3d_sync_bitmap (video) ref count == 1
dtor     D               dtor.c:227  _al_unregister_destructor        [  16.92959] removed dtor for bitmap 00000000097a0e00
bitmap   D        bitmap_type.c:308  _al_convert_to_memory_bitmap     [  16.92967] converting display bitmap 000000000b0bd140 to memory bitmap
dtor     D               dtor.c:196  _al_register_destructor          [  16.92972] added dtor for bitmap 00000000097a0aa0, func 00007ff8113a1bea
d3d      D          d3d_bmp.cpp:539  _al_d3d_sync_bitmap              [  16.92977] _al_d3d_sync_bitmap (system) ref count == 1
d3d      D          d3d_bmp.cpp:545  _al_d3d_sync_bitmap              [  16.92980] _al_d3d_sync_bitmap (video) ref count == 1
dtor     D               dtor.c:227  _al_unregister_destructor        [  16.93052] removed dtor for bitmap 00000000097a0aa0
bitmap   D        bitmap_type.c:308  _al_convert_to_memory_bitmap     [  16.93065] converting display bitmap 000000000b0b6780 to memory bitmap
dtor     D               dtor.c:196  _al_register_destructor          [  16.93070] added dtor for bitmap 00000000097a0fb0, func 00007ff8113a1bea
d3d      D          d3d_bmp.cpp:539  _al_d3d_sync_bitmap              [  16.93074] _al_d3d_sync_bitmap (system) ref count == 1
d3d      D          d3d_bmp.cpp:545  _al_d3d_sync_bitmap              [  16.93076] _al_d3d_sync_bitmap (video) ref count == 1
dtor     D               dtor.c:227  _al_unregister_destructor        [  16.93149] removed dtor for bitmap 00000000097a0fb0
bitmap   D        bitmap_type.c:308  _al_convert_to_memory_bitmap     [  16.93158] converting display bitmap 0000000002663d20 to memory bitmap
dtor     D               dtor.c:196  _al_register_destructor          [  16.93162] added dtor for bitmap 00000000097a0fb0, func 00007ff8113a1bea
d3d      D          d3d_bmp.cpp:539  _al_d3d_sync_bitmap              [  16.93166] _al_d3d_sync_bitmap (system) ref count == 1
d3d      D          d3d_bmp.cpp:545  _al_d3d_sync_bitmap              [  16.93169] _al_d3d_sync_bitmap (video) ref count == 1
dtor     D               dtor.c:227  _al_unregister_destructor        [  16.93240] removed dtor for bitmap 00000000097a0fb0
bitmap   D        bitmap_type.c:308  _al_convert_to_memory_bitmap     [  16.93252] converting display bitmap 0000000002662ac0 to memory bitmap
dtor     D               dtor.c:196  _al_register_destructor          [  16.93256] added dtor for bitmap 00000000097a0c50, func 00007ff8113a1bea
d3d      D          d3d_bmp.cpp:539  _al_d3d_sync_bitmap              [  16.93260] _al_d3d_sync_bitmap (system) ref count == 1
d3d      D          d3d_bmp.cpp:545  _al_d3d_sync_bitmap              [  16.93263] _al_d3d_sync_bitmap (video) ref count == 1
dtor     D               dtor.c:227  _al_unregister_destructor        [  16.93334] removed dtor for bitmap 00000000097a0c50
bitmap   D        bitmap_type.c:308  _al_convert_to_memory_bitmap     [  16.93343] converting display bitmap 0000000002617ad0 to memory bitmap
dtor     D               dtor.c:196  _al_register_destructor          [  16.93349] added dtor for bitmap 00000000097a0e00, func 00007ff8113a1bea
d3d      D          d3d_bmp.cpp:539  _al_d3d_sync_bitmap              [  16.93353] _al_d3d_sync_bitmap (system) ref count == 1
d3d      D          d3d_bmp.cpp:545  _al_d3d_sync_bitmap              [  16.93356] _al_d3d_sync_bitmap (video) ref count == 1
dtor     D               dtor.c:227  _al_unregister_destructor        [  16.93428] removed dtor for bitmap 00000000097a0e00
bitmap   D        bitmap_type.c:308  _al_convert_to_memory_bitmap     [  16.93443] converting display bitmap 000000000af999f0 to memory bitmap
dtor     D               dtor.c:196  _al_register_destructor          [  16.93447] added dtor for bitmap 00000000097a0740, func 00007ff8113a1bea
d3d      D          d3d_bmp.cpp:539  _al_d3d_sync_bitmap              [  16.93451] _al_d3d_sync_bitmap (system) ref count == 1
d3d      D          d3d_bmp.cpp:545  _al_d3d_sync_bitmap              [  16.93455] _al_d3d_sync_bitmap (video) ref count == 1
dtor     D               dtor.c:227  _al_unregister_destructor        [  16.93526] removed dtor for bitmap 00000000097a0740
bitmap   D        bitmap_type.c:308  _al_convert_to_memory_bitmap     [  16.93534] converting display bitmap 00000000026ec370 to memory bitmap
dtor     D               dtor.c:196  _al_register_destructor          [  16.93538] added dtor for bitmap 00000000097a0fb0, func 00007ff8113a1bea
d3d      D          d3d_bmp.cpp:539  _al_d3d_sync_bitmap              [  16.93544] _al_d3d_sync_bitmap (system) ref count == 1
d3d      D          d3d_bmp.cpp:545  _al_d3d_sync_bitmap              [  16.93548] _al_d3d_sync_bitmap (video) ref count == 1
dtor     D               dtor.c:227  _al_unregister_destructor        [  16.93609] removed dtor for bitmap 00000000097a0fb0
bitmap   D        bitmap_type.c:308  _al_convert_to_memory_bitmap     [  16.93617] converting display bitmap 00000000026eee20 to memory bitmap
dtor     D               dtor.c:196  _al_register_destructor          [  16.93623] added dtor for bitmap 00000000097a03e0, func 00007ff8113a1bea
d3d      D          d3d_bmp.cpp:539  _al_d3d_sync_bitmap              [  16.93627] _al_d3d_sync_bitmap (system) ref count == 1
d3d      D          d3d_bmp.cpp:545  _al_d3d_sync_bitmap              [  16.93631] _al_d3d_sync_bitmap (video) ref count == 1
dtor     D               dtor.c:227  _al_unregister_destructor        [  16.94052] removed dtor for bitmap 00000000097a03e0
bitmap   D        bitmap_type.c:308  _al_convert_to_memory_bitmap     [  16.94141] converting display bitmap 000000000af9fd20 to memory bitmap
dtor     D               dtor.c:196  _al_register_destructor          [  16.94149] added dtor for bitmap 00000000097a08f0, func 00007ff8113a1bea
d3d      D          d3d_bmp.cpp:539  _al_d3d_sync_bitmap              [  16.94154] _al_d3d_sync_bitmap (system) ref count == 1
d3d      D          d3d_bmp.cpp:545  _al_d3d_sync_bitmap              [  16.94157] _al_d3d_sync_bitmap (video) ref count == 1
dtor     D               dtor.c:227  _al_unregister_destructor        [  16.94333] removed dtor for bitmap 00000000097a08f0
d3d      D         d3d_disp.cpp:899  d3d_destroy_display_internals    [  16.94378] waiting for display 00000000001ecc10's thread to end
d3d      W         d3d_disp.cpp:608  d3d_destroy_device               [  16.95285] d3d_destroy_device: ref count not 0
d3d      W         d3d_disp.cpp:608  d3d_destroy_device               [  16.95305] d3d_destroy_device: ref count not 0
d3d      I         d3d_disp.cpp:1562 d3d_display_thread_proc          [  16.97056] d3d display thread exits
dtor     D               dtor.c:227  _al_unregister_destructor        [  16.97246] removed dtor for bitmap 00000000026eee20
dtor     D               dtor.c:227  _al_unregister_destructor        [  16.97321] removed dtor for bitmap 00000000026ec370
dtor     D               dtor.c:227  _al_unregister_destructor        [  16.97339] removed dtor for bitmap 000000000979dac0
dtor     D               dtor.c:227  _al_unregister_destructor        [  16.97356] removed dtor for sample_instance 00000000026730b0
dtor     D               dtor.c:227  _al_unregister_destructor        [  16.97363] removed dtor for bitmap 000000000af999f0
dtor     D               dtor.c:227  _al_unregister_destructor        [  16.97369] removed dtor for bitmap 0000000002617ad0
dtor     D               dtor.c:227  _al_unregister_destructor        [  16.97381] removed dtor for bitmap 0000000002662ac0
dtor     D               dtor.c:227  _al_unregister_destructor        [  16.97387] removed dtor for bitmap 0000000002663d20
dtor     D               dtor.c:227  _al_unregister_destructor        [  16.97399] removed dtor for bitmap 000000000b0b6780
dtor     D               dtor.c:227  _al_unregister_destructor        [  16.97405] removed dtor for bitmap 000000000b0bd140
dtor     D               dtor.c:227  _al_unregister_destructor        [  16.97438] removed dtor for bitmap 000000000b0bd2f0
dtor     D               dtor.c:227  _al_unregister_destructor        [  16.97456] removed dtor for bitmap 000000000b0bd4a0
dtor     D               dtor.c:227  _al_unregister_destructor        [  16.97473] removed dtor for bitmap 000000000265f600
dtor     D               dtor.c:227  _al_unregister_destructor        [  16.97480] removed dtor for bitmap 000000000af9f860
dtor     D               dtor.c:227  _al_unregister_destructor        [  16.97501] removed dtor for bitmap 000000000af9fa10
dtor     D               dtor.c:227  _al_unregister_destructor        [  16.97547] removed dtor for bitmap 000000000265dec0
dtor     D               dtor.c:227  _al_unregister_destructor        [  16.97573] removed dtor for ttf_font 000000000b02f720
dtor     D               dtor.c:116  _al_run_destructors              [  16.97689] calling dtor for bitmap 000000000af9fd20, func 00007ff8113a1bea
dtor     D               dtor.c:227  _al_unregister_destructor        [  16.97698] removed dtor for bitmap 000000000af9fd20
dtor     D               dtor.c:116  _al_run_destructors              [  16.97722] calling dtor for timer 0000000002680050, func 00007ff8113dfb3b
dtor     D               dtor.c:227  _al_unregister_destructor        [  16.97737] removed dtor for timer 0000000002680050
dtor     D               dtor.c:227  _al_unregister_destructor        [  16.97747] removed dtor for sample_instance 000000000265fa70
dtor     D               dtor.c:227  _al_unregister_destructor        [  16.97752] removed dtor for sample_instance 0000000002664040
dtor     D               dtor.c:227  _al_unregister_destructor        [  16.97757] removed dtor for sample_instance 0000000002617230
dtor     D               dtor.c:227  _al_unregister_destructor        [  16.97762] removed dtor for sample_instance 0000000002617350
dtor     D               dtor.c:227  _al_unregister_destructor        [  16.97768] removed dtor for sample_instance 0000000002678df0
dtor     D               dtor.c:227  _al_unregister_destructor        [  16.97773] removed dtor for sample_instance 0000000002678f10
dtor     D               dtor.c:227  _al_unregister_destructor        [  16.97779] removed dtor for sample_instance 0000000002679030
dtor     D               dtor.c:227  _al_unregister_destructor        [  16.97784] removed dtor for sample_instance 0000000002679150
dtor     D               dtor.c:227  _al_unregister_destructor        [  16.97789] removed dtor for sample_instance 0000000002679270
dtor     D               dtor.c:227  _al_unregister_destructor        [  16.97794] removed dtor for sample_instance 0000000002679390
dtor     D               dtor.c:227  _al_unregister_destructor        [  16.97799] removed dtor for sample_instance 0000000002673bf0
dtor     D               dtor.c:227  _al_unregister_destructor        [  16.97804] removed dtor for sample_instance 0000000002673d10
dtor     D               dtor.c:227  _al_unregister_destructor        [  16.97809] removed dtor for sample_instance 00000000026739b0
dtor     D               dtor.c:227  _al_unregister_destructor        [  16.97813] removed dtor for sample_instance 0000000002673530
dtor     D               dtor.c:227  _al_unregister_destructor        [  16.97817] removed dtor for sample_instance 0000000002673410
dtor     D               dtor.c:227  _al_unregister_destructor        [  16.97825] removed dtor for sample_instance 0000000002673ad0
dtor     D               dtor.c:227  _al_unregister_destructor        [  16.97832] removed dtor for sample_instance 0000000002673890
dtor     D               dtor.c:227  _al_unregister_destructor        [  16.97838] removed dtor for sample_instance 0000000002673e30
dtor     D               dtor.c:227  _al_unregister_destructor        [  16.97844] removed dtor for sample_instance 0000000002673650
dtor     D               dtor.c:227  _al_unregister_destructor        [  16.97849] removed dtor for sample_instance 0000000002673770
dtor     D               dtor.c:227  _al_unregister_destructor        [  16.97855] removed dtor for mixer 000000000265f910
audio-dsound D           dsound.cpp:528  _dsound_stop_voice               [  16.97861] Stopping voice
audio-dsound D           dsound.cpp:545  _dsound_stop_voice               [  16.97865] Joining thread
audio-dsound D           dsound.cpp:551  _dsound_stop_voice               [  17.02916] Joined thread
audio-dsound D           dsound.cpp:553  _dsound_stop_voice               [  17.02929] Destroying thread
audio-dsound D           dsound.cpp:555  _dsound_stop_voice               [  17.02942] Thread destroyed
audio-dsound D           dsound.cpp:562  _dsound_stop_voice               [  17.02948] Releasing buffer
audio-dsound I           dsound.cpp:566  _dsound_stop_voice               [  17.02953] Voice stopped
dtor     D               dtor.c:227  _al_unregister_destructor        [  17.02964] removed dtor for voice 00000000026831b0
audio-dsound D           dsound.cpp:380  _dsound_deallocate_voice         [  17.02971] Deallocating voice
audio-dsound D           dsound.cpp:385  _dsound_deallocate_voice         [  17.02976] Deallocated voice
dtor     D               dtor.c:116  _al_run_destructors              [  17.02982] calling dtor for sample 000000000b02f630, func 00007ff8114d1a1d
dtor     D               dtor.c:227  _al_unregister_destructor        [  17.02987] removed dtor for sample 000000000b02f630
audio-dsound D           dsound.cpp:296  _dsound_close                    [  17.02993] Releasing device
